[0.011s] Invoking command in '/home/swati/Quad_DR/RotorTM/build/rotor_tm_plcontrol': CMAKE_PREFIX_PATH=/home/swati/Quad_DR/RotorTM/install/rotor_tm_msgs:/home/swati/Quad_DR/RotorTM/install/rotor_tm_plcontrol:/home/swati/Quad_DR/RotorTM/install/rotor_tm_sim:/home/swati/Quad_DR/RotorTM/install/rotor_tm_control:/home/swati/Quad_DR/RotorTM/install/rotor_tm_utils:/home/swati/Quad_DR/RotorTM/install/rotor_tm_traj:/home/swati/Quad_DR/RotorTM/install/rotor_tm_keyboard2wrench:/home/swati/Quad_DR/RotorTM/install/rotor_tm_config:/home/swati/Quad_DR/RotorTM/install/payload_control:/opt/ros/humble LD_LIBRARY_PATH=/home/swati/Quad_DR/RotorTM/install/rotor_tm_msgs/lib:/home/swati/Quad_DR/RotorTM/install/rotor_tm_plcontrol/lib:/usr/lib/x86_64-linux-gnu/gazebo-11/plugins:/opt/ros/humble/opt/rviz_ogre_vendor/lib:/opt/ros/humble/lib/x86_64-linux-gnu:/opt/ros/humble/lib:/usr/share/gazebo/../../lib/x86_64-linux-gnu/gazebo-11/plugins:/home/swati/acados/lib /opt/cmake-3.28.3-linux-x86_64/bin/cmake --build /home/swati/Quad_DR/RotorTM/build/rotor_tm_plcontrol -- -j20 -l20
[0.055s] [ 16%] [32mBuilding CXX object CMakeFiles/pl_nmpc_shared_lib.dir/src/pl_nmpc_controller_node.cpp.o[0m
[2.662s] [01m[K/home/swati/Quad_DR/RotorTM/src/rotor_tm_plcontrol/src/pl_nmpc_controller_node.cpp:[m[K In member function â€˜[01m[Kvoid nmpc_control_nodelet::NMPCControlNodelet::publishControl()[m[Kâ€™:
[2.662s] [01m[K/home/swati/Quad_DR/RotorTM/src/rotor_tm_plcontrol/src/pl_nmpc_controller_node.cpp:306:3:[m[K [01;31m[Kerror: [m[Kâ€˜[01m[Kfm_msg[m[Kâ€™ was not declared in this scope; did you mean â€˜[01m[Kfmn_msg[m[Kâ€™?
[2.662s]   306 |   [01;31m[Kfm_msg[m[K.acceleration.x = this->lin_accel(0);
[2.662s]       |   [01;31m[K^~~~~~[m[K
[2.662s]       |   [32m[Kfmn_msg[m[K
[5.121s] gmake[2]: *** [CMakeFiles/pl_nmpc_shared_lib.dir/build.make:76: CMakeFiles/pl_nmpc_shared_lib.dir/src/pl_nmpc_controller_node.cpp.o] Error 1
[5.121s] gmake[1]: *** [CMakeFiles/Makefile2:139: CMakeFiles/pl_nmpc_shared_lib.dir/all] Error 2
[5.121s] gmake: *** [Makefile:146: all] Error 2
[5.123s] Invoked command in '/home/swati/Quad_DR/RotorTM/build/rotor_tm_plcontrol' returned '2': CMAKE_PREFIX_PATH=/home/swati/Quad_DR/RotorTM/install/rotor_tm_msgs:/home/swati/Quad_DR/RotorTM/install/rotor_tm_plcontrol:/home/swati/Quad_DR/RotorTM/install/rotor_tm_sim:/home/swati/Quad_DR/RotorTM/install/rotor_tm_control:/home/swati/Quad_DR/RotorTM/install/rotor_tm_utils:/home/swati/Quad_DR/RotorTM/install/rotor_tm_traj:/home/swati/Quad_DR/RotorTM/install/rotor_tm_keyboard2wrench:/home/swati/Quad_DR/RotorTM/install/rotor_tm_config:/home/swati/Quad_DR/RotorTM/install/payload_control:/opt/ros/humble LD_LIBRARY_PATH=/home/swati/Quad_DR/RotorTM/install/rotor_tm_msgs/lib:/home/swati/Quad_DR/RotorTM/install/rotor_tm_plcontrol/lib:/usr/lib/x86_64-linux-gnu/gazebo-11/plugins:/opt/ros/humble/opt/rviz_ogre_vendor/lib:/opt/ros/humble/lib/x86_64-linux-gnu:/opt/ros/humble/lib:/usr/share/gazebo/../../lib/x86_64-linux-gnu/gazebo-11/plugins:/home/swati/acados/lib /opt/cmake-3.28.3-linux-x86_64/bin/cmake --build /home/swati/Quad_DR/RotorTM/build/rotor_tm_plcontrol -- -j20 -l20
