-- Found ament_cmake: 1.3.10 (/opt/ros/humble/share/ament_cmake/cmake)
-- Found rclcpp: 16.0.10 (/opt/ros/humble/share/rclcpp/cmake)
-- Found rosidl_generator_c: 3.1.5 (/opt/ros/humble/share/rosidl_generator_c/cmake)
-- Found rosidl_adapter: 3.1.5 (/opt/ros/humble/share/rosidl_adapter/cmake)
-- Found rosidl_generator_cpp: 3.1.5 (/opt/ros/humble/share/rosidl_generator_cpp/cmake)
-- Using all available rosidl_typesupport_c: rosidl_typesupport_fastrtps_c;rosidl_typesupport_introspection_c
-- Using all available rosidl_typesupport_cpp: rosidl_typesupport_fastrtps_cpp;rosidl_typesupport_introspection_cpp
-- Found rmw_implementation_cmake: 6.1.2 (/opt/ros/humble/share/rmw_implementation_cmake/cmake)
-- Found rmw_fastrtps_cpp: 6.2.7 (/opt/ros/humble/share/rmw_fastrtps_cpp/cmake)
-- Using RMW implementation 'rmw_fastrtps_cpp' as default
-- Found geometry_msgs: 4.2.4 (/opt/ros/humble/share/geometry_msgs/cmake)
-- Found nav_msgs: 4.2.4 (/opt/ros/humble/share/nav_msgs/cmake)
-- Found rotor_tm_msgs: 0.0.0 (/home/swati/Quad_DR/RotorTM/install/rotor_tm_msgs/share/rotor_tm_msgs/cmake)
-- Found tf2: 0.25.8 (/opt/ros/humble/share/tf2/cmake)
-- Found tf2_ros: 0.25.8 (/opt/ros/humble/share/tf2_ros/cmake)
-- Found ament_lint_auto: 0.12.11 (/opt/ros/humble/share/ament_lint_auto/cmake)
-- Added test 'cppcheck' to perform static code analysis on C / C++ code
-- Configured cppcheck include dirs: /home/swati/Quad_DR/RotorTM/src/rotor_tm_plcontrol/include;/home/swati/Quad_DR/RotorTM/src/rotor_tm_plcontrol/scripts/c_generated_code
-- Configured cppcheck exclude dirs and/or files: 
-- Added test 'flake8' to check Python code syntax and style conventions
-- Added test 'lint_cmake' to check CMake code style
-- Added test 'pep257' to check Python code against some of the docstring style conventions in PEP 257
-- Added test 'uncrustify' to check C / C++ code style
-- Configured uncrustify additional arguments: 
-- Added test 'xmllint' to check XML markup files
-- Configuring done (0.7s)
-- Generating done (0.0s)
-- Build files have been written to: /home/swati/Quad_DR/RotorTM/build/rotor_tm_plcontrol
[ 14%] [32mBuilding CXX object CMakeFiles/pl_nmpc_shared_lib.dir/src/pl_nmpc_controller_node.cpp.o[0m
[ 28%] [32mBuilding CXX object CMakeFiles/pl_nmpc_shared_lib.dir/src/wrapper.cpp.o[0m
[ 42%] [32mBuilding CXX object CMakeFiles/pl_nmpc_shared_lib.dir/src/nmpc_control.cpp.o[0m
[ 57%] [32mBuilding CXX object CMakeFiles/pl_nmpc_shared_lib.dir/src/solver.cpp.o[0m
[01m[K/home/swati/Quad_DR/RotorTM/src/rotor_tm_plcontrol/src/solver.cpp:22:10:[m[K [01;31m[Kfatal error: [m[Kcoin-or/IpStdCInterface.h: No such file or directory
   22 | #include [01;31m[K<coin-or/IpStdCInterface.h>[m[K
      |          [01;31m[K^~~~~~~~~~~~~~~~~~~~~~~~~~~[m[K
compilation terminated.
gmake[2]: *** [CMakeFiles/pl_nmpc_shared_lib.dir/build.make:118: CMakeFiles/pl_nmpc_shared_lib.dir/src/solver.cpp.o] Error 1
gmake[2]: *** Waiting for unfinished jobs....
In file included from [01m[K/home/swati/Quad_DR/RotorTM/src/rotor_tm_plcontrol/src/nmpc_control.cpp:1[m[K:
[01m[K/home/swati/Quad_DR/RotorTM/src/rotor_tm_plcontrol/include/rotor_tm_plcontrol/nmpc_control.h:[m[K In constructor â€˜[01m[Knmpc_control_nodelet::NMPCControl::NMPCControl()[m[Kâ€™:
[01m[K/home/swati/Quad_DR/RotorTM/src/rotor_tm_plcontrol/include/rotor_tm_plcontrol/nmpc_control.h:37:47:[m[K [01;35m[Kwarning: [m[Kâ€˜[01m[Knmpc_control_nodelet::NMPCControl::predicted_inputs_[m[Kâ€™ will be initialized after [[01;35m[K]8;;https://gcc.gnu.org/onlinedocs/gcc/Warning-Options.html#index-Wreorder-Wreorder]8;;[m[K]
   37 |   Eigen::Matrix<double, kInputSize, kSamples> [01;35m[Kpredicted_inputs_[m[K;
      |                                               [01;35m[K^~~~~~~~~~~~~~~~~[m[K
[01m[K/home/swati/Quad_DR/RotorTM/src/rotor_tm_plcontrol/include/rotor_tm_plcontrol/nmpc_control.h:32:8:[m[K [01;35m[Kwarning: [m[K  â€˜[01m[Kbool nmpc_control_nodelet::NMPCControl::solve_from_scratch_[m[Kâ€™ [[01;35m[K]8;;https://gcc.gnu.org/onlinedocs/gcc/Warning-Options.html#index-Wreorder-Wreorder]8;;[m[K]
   32 |   bool [01;35m[Ksolve_from_scratch_[m[K;
      |        [01;35m[K^~~~~~~~~~~~~~~~~~~[m[K
[01m[K/home/swati/Quad_DR/RotorTM/src/rotor_tm_plcontrol/src/nmpc_control.cpp:6:1:[m[K [01;35m[Kwarning: [m[K  when initialized here [[01;35m[K]8;;https://gcc.gnu.org/onlinedocs/gcc/Warning-Options.html#index-Wreorder-Wreorder]8;;[m[K]
    6 | [01;35m[KNMPCControl[m[K::NMPCControl()
      | [01;35m[K^~~~~~~~~~~[m[K
[01m[K/home/swati/Quad_DR/RotorTM/src/rotor_tm_plcontrol/src/pl_nmpc_controller_node.cpp:[m[K In member function â€˜[01m[Kvoid nmpc_control_nodelet::NMPCControlNodelet::referenceCallback(rotor_tm_msgs::msg::TrajCommand_<std::allocator<void> >::SharedPtr)[m[Kâ€™:
[01m[K/home/swati/Quad_DR/RotorTM/src/rotor_tm_plcontrol/src/pl_nmpc_controller_node.cpp:163:19:[m[K [01;35m[Kwarning: [m[Kvariable â€˜[01m[Kang_acc[m[Kâ€™ set but not used [[01;35m[K]8;;https://gcc.gnu.org/onlinedocs/gcc/Warning-Options.html#index-Wunused-but-set-variable-Wunused-but-set-variable]8;;[m[K]
  163 |   Eigen::Vector3d [01;35m[Kang_acc[m[K = Eigen::Vector3d::Zero();
      |                   [01;35m[K^~~~~~~[m[K
[01m[K/home/swati/Quad_DR/RotorTM/src/rotor_tm_plcontrol/src/pl_nmpc_controller_node.cpp:164:19:[m[K [01;35m[Kwarning: [m[Kvariable â€˜[01m[Kang_vel[m[Kâ€™ set but not used [[01;35m[K]8;;https://gcc.gnu.org/onlinedocs/gcc/Warning-Options.html#index-Wunused-but-set-variable-Wunused-but-set-variable]8;;[m[K]
  164 |   Eigen::Vector3d [01;35m[Kang_vel[m[K = Eigen::Vector3d::Zero();
      |                   [01;35m[K^~~~~~~[m[K
[01m[K/home/swati/Quad_DR/RotorTM/src/rotor_tm_plcontrol/src/pl_nmpc_controller_node.cpp:166:19:[m[K [01;35m[Kwarning: [m[Kvariable â€˜[01m[Klin_vel[m[Kâ€™ set but not used [[01;35m[K]8;;https://gcc.gnu.org/onlinedocs/gcc/Warning-Options.html#index-Wunused-but-set-variable-Wunused-but-set-variable]8;;[m[K]
  166 |   Eigen::Vector3d [01;35m[Klin_vel[m[K = Eigen::Vector3d::Zero();
      |                   [01;35m[K^~~~~~~[m[K
[01m[K/home/swati/Quad_DR/RotorTM/src/rotor_tm_plcontrol/src/pl_nmpc_controller_node.cpp:167:19:[m[K [01;35m[Kwarning: [m[Kvariable â€˜[01m[Kmoments[m[Kâ€™ set but not used [[01;35m[K]8;;https://gcc.gnu.org/onlinedocs/gcc/Warning-Options.html#index-Wunused-but-set-variable-Wunused-but-set-variable]8;;[m[K]
  167 |   Eigen::Vector3d [01;35m[Kmoments[m[K = Eigen::Vector3d::Zero();
      |                   [01;35m[K^~~~~~~[m[K
gmake[1]: *** [CMakeFiles/Makefile2:139: CMakeFiles/pl_nmpc_shared_lib.dir/all] Error 2
gmake: *** [Makefile:146: all] Error 2
