[0.014s] Invoking command in '/home/swati/Quad_DR/RotorTM/build/rotor_tm_plcontrol': CMAKE_PREFIX_PATH=/home/swati/Quad_DR/RotorTM/install/rotor_tm_msgs:/home/swati/Quad_DR/RotorTM/install/rotor_tm_plcontrol:/home/swati/Quad_DR/RotorTM/install/rotor_tm_sim:/home/swati/Quad_DR/RotorTM/install/rotor_tm_control:/home/swati/Quad_DR/RotorTM/install/rotor_tm_utils:/home/swati/Quad_DR/RotorTM/install/rotor_tm_traj:/home/swati/Quad_DR/RotorTM/install/rotor_tm_keyboard2wrench:/home/swati/Quad_DR/RotorTM/install/rotor_tm_config:/home/swati/Quad_DR/RotorTM/install/payload_control:/opt/ros/humble LD_LIBRARY_PATH=/home/swati/Quad_DR/RotorTM/install/rotor_tm_msgs/lib:/home/swati/Quad_DR/RotorTM/install/rotor_tm_plcontrol/lib:/usr/lib/x86_64-linux-gnu/gazebo-11/plugins:/opt/ros/humble/opt/rviz_ogre_vendor/lib:/opt/ros/humble/lib/x86_64-linux-gnu:/opt/ros/humble/lib:/usr/share/gazebo/../../lib/x86_64-linux-gnu/gazebo-11/plugins:/home/swati/acados/lib PS1=(mpcenv) \[\e]0;\u@\h: \w\a\]${debian_chroot:+($debian_chroot)}\[\033[01;32m\]\u@\h\[\033[00m\]:\[\033[01;34m\]\w\[\033[00m\]\$ PYTHONPATH=/home/swati/Quad_DR/RotorTM/install/rotor_tm_msgs/lib/python3.10/site-packages:/home/swati/Quad_DR/RotorTM/install/rotor_tm_sim/lib/python3.10/site-packages:/home/swati/Quad_DR/RotorTM/install/rotor_tm_control/lib/python3.10/site-packages:/home/swati/Quad_DR/RotorTM/install/rotor_tm_utils/lib/python3.10/site-packages:/home/swati/Quad_DR/RotorTM/install/rotor_tm_traj/lib/python3.10/site-packages:/home/swati/Quad_DR/RotorTM/install/rotor_tm_keyboard2wrench/lib/python3.10/site-packages:/home/swati/Quad_DR/RotorTM/install/rotor_tm_config/lib/python3.10/site-packages:/home/swati/Quad_DR/RotorTM/install/payload_control/lib/python3.10/site-packages:/opt/ros/humble/lib/python3.10/site-packages:/opt/ros/humble/local/lib/python3.10/dist-packages:/PythonAPI/carla/dist/carla-0.9.14-py3.10-linux-x86_64.egg /opt/cmake-3.28.3-linux-x86_64/bin/cmake --build /home/swati/Quad_DR/RotorTM/build/rotor_tm_plcontrol -- -j20 -l20
[0.052s] -- Found ament_cmake: 1.3.10 (/opt/ros/humble/share/ament_cmake/cmake)
[0.236s] -- Found rclcpp: 16.0.10 (/opt/ros/humble/share/rclcpp/cmake)
[0.264s] -- Found rosidl_generator_c: 3.1.5 (/opt/ros/humble/share/rosidl_generator_c/cmake)
[0.266s] -- Found rosidl_adapter: 3.1.5 (/opt/ros/humble/share/rosidl_adapter/cmake)
[0.272s] -- Found rosidl_generator_cpp: 3.1.5 (/opt/ros/humble/share/rosidl_generator_cpp/cmake)
[0.282s] -- Using all available rosidl_typesupport_c: rosidl_typesupport_fastrtps_c;rosidl_typesupport_introspection_c
[0.295s] -- Using all available rosidl_typesupport_cpp: rosidl_typesupport_fastrtps_cpp;rosidl_typesupport_introspection_cpp
[0.328s] -- Found rmw_implementation_cmake: 6.1.2 (/opt/ros/humble/share/rmw_implementation_cmake/cmake)
[0.329s] -- Found rmw_fastrtps_cpp: 6.2.7 (/opt/ros/humble/share/rmw_fastrtps_cpp/cmake)
[0.422s] -- Using RMW implementation 'rmw_fastrtps_cpp' as default
[0.473s] -- Found geometry_msgs: 4.2.4 (/opt/ros/humble/share/geometry_msgs/cmake)
[0.486s] -- Found nav_msgs: 4.2.4 (/opt/ros/humble/share/nav_msgs/cmake)
[0.503s] -- Found rotor_tm_msgs: 0.0.0 (/home/swati/Quad_DR/RotorTM/install/rotor_tm_msgs/share/rotor_tm_msgs/cmake)
[0.544s] -- Found tf2: 0.25.8 (/opt/ros/humble/share/tf2/cmake)
[0.548s] -- Found tf2_ros: 0.25.8 (/opt/ros/humble/share/tf2_ros/cmake)
[0.638s] -- Found ament_lint_auto: 0.12.11 (/opt/ros/humble/share/ament_lint_auto/cmake)
[0.706s] -- Added test 'cppcheck' to perform static code analysis on C / C++ code
[0.707s] -- Configured cppcheck include dirs: /home/swati/Quad_DR/RotorTM/src/rotor_tm_plcontrol/include;/home/swati/Quad_DR/RotorTM/src/rotor_tm_plcontrol/scripts/c_generated_code
[0.707s] -- Configured cppcheck exclude dirs and/or files: 
[0.707s] -- Added test 'flake8' to check Python code syntax and style conventions
[0.708s] -- Added test 'lint_cmake' to check CMake code style
[0.709s] -- Added test 'pep257' to check Python code against some of the docstring style conventions in PEP 257
[0.710s] -- Added test 'uncrustify' to check C / C++ code style
[0.710s] -- Configured uncrustify additional arguments: 
[0.711s] -- Added test 'xmllint' to check XML markup files
[0.712s] -- Configuring done (0.7s)
[0.736s] -- Generating done (0.0s)
[0.737s] -- Build files have been written to: /home/swati/Quad_DR/RotorTM/build/rotor_tm_plcontrol
[0.769s] [ 14%] [32mBuilding CXX object CMakeFiles/pl_nmpc_shared_lib.dir/src/pl_nmpc_controller_node.cpp.o[0m
[0.769s] [ 28%] [32mBuilding CXX object CMakeFiles/pl_nmpc_shared_lib.dir/src/wrapper.cpp.o[0m
[0.770s] [ 42%] [32mBuilding CXX object CMakeFiles/pl_nmpc_shared_lib.dir/src/nmpc_control.cpp.o[0m
[0.770s] [ 57%] [32mBuilding CXX object CMakeFiles/pl_nmpc_shared_lib.dir/src/solver.cpp.o[0m
[0.781s] [01m[K/home/swati/Quad_DR/RotorTM/src/rotor_tm_plcontrol/src/solver.cpp:22:10:[m[K [01;31m[Kfatal error: [m[Kcoin-or/IpStdCInterface.h: No such file or directory
[0.781s]    22 | #include [01;31m[K<coin-or/IpStdCInterface.h>[m[K
[0.782s]       |          [01;31m[K^~~~~~~~~~~~~~~~~~~~~~~~~~~[m[K
[0.782s] compilation terminated.
[0.782s] gmake[2]: *** [CMakeFiles/pl_nmpc_shared_lib.dir/build.make:118: CMakeFiles/pl_nmpc_shared_lib.dir/src/solver.cpp.o] Error 1
[0.782s] gmake[2]: *** Waiting for unfinished jobs....
[1.734s] In file included from [01m[K/home/swati/Quad_DR/RotorTM/src/rotor_tm_plcontrol/src/nmpc_control.cpp:1[m[K:
[1.734s] [01m[K/home/swati/Quad_DR/RotorTM/src/rotor_tm_plcontrol/include/rotor_tm_plcontrol/nmpc_control.h:[m[K In constructor â€˜[01m[Knmpc_control_nodelet::NMPCControl::NMPCControl()[m[Kâ€™:
[1.734s] [01m[K/home/swati/Quad_DR/RotorTM/src/rotor_tm_plcontrol/include/rotor_tm_plcontrol/nmpc_control.h:37:47:[m[K [01;35m[Kwarning: [m[Kâ€˜[01m[Knmpc_control_nodelet::NMPCControl::predicted_inputs_[m[Kâ€™ will be initialized after [[01;35m[K]8;;https://gcc.gnu.org/onlinedocs/gcc/Warning-Options.html#index-Wreorder-Wreorder]8;;[m[K]
[1.735s]    37 |   Eigen::Matrix<double, kInputSize, kSamples> [01;35m[Kpredicted_inputs_[m[K;
[1.735s]       |                                               [01;35m[K^~~~~~~~~~~~~~~~~[m[K
[1.735s] [01m[K/home/swati/Quad_DR/RotorTM/src/rotor_tm_plcontrol/include/rotor_tm_plcontrol/nmpc_control.h:32:8:[m[K [01;35m[Kwarning: [m[K  â€˜[01m[Kbool nmpc_control_nodelet::NMPCControl::solve_from_scratch_[m[Kâ€™ [[01;35m[K]8;;https://gcc.gnu.org/onlinedocs/gcc/Warning-Options.html#index-Wreorder-Wreorder]8;;[m[K]
[1.735s]    32 |   bool [01;35m[Ksolve_from_scratch_[m[K;
[1.735s]       |        [01;35m[K^~~~~~~~~~~~~~~~~~~[m[K
[1.735s] [01m[K/home/swati/Quad_DR/RotorTM/src/rotor_tm_plcontrol/src/nmpc_control.cpp:6:1:[m[K [01;35m[Kwarning: [m[K  when initialized here [[01;35m[K]8;;https://gcc.gnu.org/onlinedocs/gcc/Warning-Options.html#index-Wreorder-Wreorder]8;;[m[K]
[1.735s]     6 | [01;35m[KNMPCControl[m[K::NMPCControl()
[1.735s]       | [01;35m[K^~~~~~~~~~~[m[K
[3.274s] [01m[K/home/swati/Quad_DR/RotorTM/src/rotor_tm_plcontrol/src/pl_nmpc_controller_node.cpp:[m[K In member function â€˜[01m[Kvoid nmpc_control_nodelet::NMPCControlNodelet::referenceCallback(rotor_tm_msgs::msg::TrajCommand_<std::allocator<void> >::SharedPtr)[m[Kâ€™:
[3.274s] [01m[K/home/swati/Quad_DR/RotorTM/src/rotor_tm_plcontrol/src/pl_nmpc_controller_node.cpp:163:19:[m[K [01;35m[Kwarning: [m[Kvariable â€˜[01m[Kang_acc[m[Kâ€™ set but not used [[01;35m[K]8;;https://gcc.gnu.org/onlinedocs/gcc/Warning-Options.html#index-Wunused-but-set-variable-Wunused-but-set-variable]8;;[m[K]
[3.274s]   163 |   Eigen::Vector3d [01;35m[Kang_acc[m[K = Eigen::Vector3d::Zero();
[3.274s]       |                   [01;35m[K^~~~~~~[m[K
[3.274s] [01m[K/home/swati/Quad_DR/RotorTM/src/rotor_tm_plcontrol/src/pl_nmpc_controller_node.cpp:164:19:[m[K [01;35m[Kwarning: [m[Kvariable â€˜[01m[Kang_vel[m[Kâ€™ set but not used [[01;35m[K]8;;https://gcc.gnu.org/onlinedocs/gcc/Warning-Options.html#index-Wunused-but-set-variable-Wunused-but-set-variable]8;;[m[K]
[3.274s]   164 |   Eigen::Vector3d [01;35m[Kang_vel[m[K = Eigen::Vector3d::Zero();
[3.274s]       |                   [01;35m[K^~~~~~~[m[K
[3.274s] [01m[K/home/swati/Quad_DR/RotorTM/src/rotor_tm_plcontrol/src/pl_nmpc_controller_node.cpp:166:19:[m[K [01;35m[Kwarning: [m[Kvariable â€˜[01m[Klin_vel[m[Kâ€™ set but not used [[01;35m[K]8;;https://gcc.gnu.org/onlinedocs/gcc/Warning-Options.html#index-Wunused-but-set-variable-Wunused-but-set-variable]8;;[m[K]
[3.274s]   166 |   Eigen::Vector3d [01;35m[Klin_vel[m[K = Eigen::Vector3d::Zero();
[3.274s]       |                   [01;35m[K^~~~~~~[m[K
[3.274s] [01m[K/home/swati/Quad_DR/RotorTM/src/rotor_tm_plcontrol/src/pl_nmpc_controller_node.cpp:167:19:[m[K [01;35m[Kwarning: [m[Kvariable â€˜[01m[Kmoments[m[Kâ€™ set but not used [[01;35m[K]8;;https://gcc.gnu.org/onlinedocs/gcc/Warning-Options.html#index-Wunused-but-set-variable-Wunused-but-set-variable]8;;[m[K]
[3.274s]   167 |   Eigen::Vector3d [01;35m[Kmoments[m[K = Eigen::Vector3d::Zero();
[3.274s]       |                   [01;35m[K^~~~~~~[m[K
[9.449s] gmake[1]: *** [CMakeFiles/Makefile2:139: CMakeFiles/pl_nmpc_shared_lib.dir/all] Error 2
[9.449s] gmake: *** [Makefile:146: all] Error 2
[9.452s] Invoked command in '/home/swati/Quad_DR/RotorTM/build/rotor_tm_plcontrol' returned '2': CMAKE_PREFIX_PATH=/home/swati/Quad_DR/RotorTM/install/rotor_tm_msgs:/home/swati/Quad_DR/RotorTM/install/rotor_tm_plcontrol:/home/swati/Quad_DR/RotorTM/install/rotor_tm_sim:/home/swati/Quad_DR/RotorTM/install/rotor_tm_control:/home/swati/Quad_DR/RotorTM/install/rotor_tm_utils:/home/swati/Quad_DR/RotorTM/install/rotor_tm_traj:/home/swati/Quad_DR/RotorTM/install/rotor_tm_keyboard2wrench:/home/swati/Quad_DR/RotorTM/install/rotor_tm_config:/home/swati/Quad_DR/RotorTM/install/payload_control:/opt/ros/humble LD_LIBRARY_PATH=/home/swati/Quad_DR/RotorTM/install/rotor_tm_msgs/lib:/home/swati/Quad_DR/RotorTM/install/rotor_tm_plcontrol/lib:/usr/lib/x86_64-linux-gnu/gazebo-11/plugins:/opt/ros/humble/opt/rviz_ogre_vendor/lib:/opt/ros/humble/lib/x86_64-linux-gnu:/opt/ros/humble/lib:/usr/share/gazebo/../../lib/x86_64-linux-gnu/gazebo-11/plugins:/home/swati/acados/lib PS1=(mpcenv) \[\e]0;\u@\h: \w\a\]${debian_chroot:+($debian_chroot)}\[\033[01;32m\]\u@\h\[\033[00m\]:\[\033[01;34m\]\w\[\033[00m\]\$ PYTHONPATH=/home/swati/Quad_DR/RotorTM/install/rotor_tm_msgs/lib/python3.10/site-packages:/home/swati/Quad_DR/RotorTM/install/rotor_tm_sim/lib/python3.10/site-packages:/home/swati/Quad_DR/RotorTM/install/rotor_tm_control/lib/python3.10/site-packages:/home/swati/Quad_DR/RotorTM/install/rotor_tm_utils/lib/python3.10/site-packages:/home/swati/Quad_DR/RotorTM/install/rotor_tm_traj/lib/python3.10/site-packages:/home/swati/Quad_DR/RotorTM/install/rotor_tm_keyboard2wrench/lib/python3.10/site-packages:/home/swati/Quad_DR/RotorTM/install/rotor_tm_config/lib/python3.10/site-packages:/home/swati/Quad_DR/RotorTM/install/payload_control/lib/python3.10/site-packages:/opt/ros/humble/lib/python3.10/site-packages:/opt/ros/humble/local/lib/python3.10/dist-packages:/PythonAPI/carla/dist/carla-0.9.14-py3.10-linux-x86_64.egg /opt/cmake-3.28.3-linux-x86_64/bin/cmake --build /home/swati/Quad_DR/RotorTM/build/rotor_tm_plcontrol -- -j20 -l20
